<?xml version="1.0" encoding="UTF-8"?>
<!-- Generated by org.testng.reporters.JUnitReportReporter -->
<testsuite hostname="raza" failures="0" tests="1" name="forPractice1.you" time="19.091" errors="0" timestamp="2023-08-02T23:54:23 IST" skipped="0">
  <testcase classname="forPractice1.you" name="main" time="19.091"/>
  <system-out/>
</testsuite> <!-- forPractice1.you -->
