<?xml version="1.0" encoding="UTF-8"?>
<!-- Generated by org.testng.reporters.JUnitReportReporter -->
<testsuite hostname="raza" failures="0" tests="5" name="ScreenShot.recurssiveShotd" time="85.671" errors="0" timestamp="2023-07-12T17:41:21 IST" skipped="0">
  <testcase classname="ScreenShot.recurssiveShotd" name="chromeSS" time="15.784"/>
  <system-out/>
  <testcase classname="ScreenShot.recurssiveShotd" name="chromeSS" time="17.369"/>
  <system-out/>
  <testcase classname="ScreenShot.recurssiveShotd" name="chromeSS" time="21.479"/>
  <system-out/>
  <testcase classname="ScreenShot.recurssiveShotd" name="chromeSS" time="15.651"/>
  <system-out/>
  <testcase classname="ScreenShot.recurssiveShotd" name="chromeSS" time="15.388"/>
  <system-out/>
</testsuite> <!-- ScreenShot.recurssiveShotd -->
