<?xml version="1.0" encoding="UTF-8"?>
<!-- Generated by org.testng.reporters.JUnitReportReporter -->
<testsuite hostname="raza" failures="0" tests="1" name="dataDriven.intoExcel" time="17.784" errors="0" timestamp="2023-07-23T15:47:44 IST" skipped="0">
  <testcase classname="dataDriven.intoExcel" name="writingData" time="17.784"/>
  <system-out/>
</testsuite> <!-- dataDriven.intoExcel -->
