<?xml version="1.0" encoding="UTF-8"?>
<!-- Generated by org.testng.reporters.JUnitReportReporter -->
<testsuite hostname="raza" failures="0" tests="3" name="ScreenShot.MultipleBrowsersScreenShots" time="87.657" errors="0" timestamp="2023-07-12T15:16:44 IST" skipped="0">
  <testcase classname="ScreenShot.MultipleBrowsersScreenShots" name="chromeSS" time="25.710"/>
  <system-out/>
  <testcase classname="ScreenShot.MultipleBrowsersScreenShots" name="edgeSS" time="26.698"/>
  <system-out/>
  <testcase classname="ScreenShot.MultipleBrowsersScreenShots" name="firefoxSS" time="35.249"/>
  <system-out/>
</testsuite> <!-- ScreenShot.MultipleBrowsersScreenShots -->
